#
# A fatal error has been detected by the Java Runtime Environment:
#
#  SIGBUS (0xa) at pc=0x0000000102bf0e92, pid=10175, tid=0x0000000000000307
#
# JRE version: Java(TM) SE Runtime Environment (8.0_131-b11) (build 1.8.0_131-b11)
# Java VM: Java HotSpot(TM) 64-Bit Server VM (25.131-b11 mixed mode bsd-amd64 compressed oops)
# Problematic frame:
# C  [libzip.dylib+0x2e92]  newEntry+0x154
#
# Failed to write core dump. Core dumps have been disabled. To enable core dumping, try "ulimit -c unlimited" before starting Java again
#
# If you would like to submit a bug report, please visit:
#   http://bugreport.java.com/bugreport/crash.jsp
# The crash happened outside the Java Virtual Machine in native code.
# See problematic frame for where to report the bug.
#

---------------  T H R E A D  ---------------

Current thread (0x00007fb7b91e4000):  JavaThread "JavaFX Application Thread" [_thread_in_native, id=775, stack(0x00007fff5dcb8000,0x00007fff5e4b8000)]

siginfo: si_signo: 10 (SIGBUS), si_code: 2 (BUS_ADRERR), si_addr: 0x000000010831f908

Registers:
RAX=0x00007fb7b85410e0, RBX=0x000000010831f8fc, RCX=0x0000000000000001, RDX=0x0000000000000000
RSP=0x00007fff5e4b0670, RBP=0x00007fff5e4b06d0, RSI=0x0000000000100000, RDI=0x0000000000000061
R8 =0x0000000000000048, R9 =0x00007fb7bc1060f0, R10=0x00000000fff00000, R11=0x00007fff5e4b074e
R12=0x00007fb7b88fe600, R13=0x0000000000003df0, R14=0x0000000071960d68, R15=0x00007fb7bc5ccad0
RIP=0x0000000102bf0e92, EFLAGS=0x0000000000010206, ERR=0x0000000000000004
  TRAPNO=0x000000000000000e

Top of Stack: (sp=0x00007fff5e4b0670)
0x00007fff5e4b0670:   00007fff5e4b06d0 0000000002bf14b8
0x00007fff5e4b0680:   00007fff5e4b0705 00007fff5e4b0704
0x00007fff5e4b0690:   00007fff5e4b06b0 00007fb7b85410e0
0x00007fff5e4b06a0:   00007fb7bc1060f0 00007fb7b85410e0
0x00007fff5e4b06b0:   00007fb7b88fe600 0000000000003df0
0x00007fff5e4b06c0:   0000000071960d68 00007fb7bc5ccad0
0x00007fff5e4b06d0:   00007fff5e4b0730 0000000102bf152d
0x00007fff5e4b06e0:   00007fff5e4b0764 00007fff5e4b0763
0x00007fff5e4b06f0:   0000001400000000 00000015011e4000
0x00007fff5e4b0700:   00007fff5e4b074e 00007fff5e4b0b98
0x00007fff5e4b0710:   0000000000000015 00007fff5e4b074e
0x00007fff5e4b0720:   00007fb7b85410e0 00007fb7b91e41f8
0x00007fff5e4b0730:   00007fff5e4b0b80 0000000102bf0238
0x00007fff5e4b0740:   00000007c01a58b0 74737fb700000001
0x00007fff5e4b0750:   77654e2f73656c79 2e73697373616843
0x00007fff5e4b0760:   0000000000737363 00007fb7ba9453d0
0x00007fff5e4b0770:   00007fb7b84f2fe0 00000007c01a5aa8
0x00007fff5e4b0780:   000000010b2fcb88 00007fb7b91e4000
0x00007fff5e4b0790:   00007fff5e4b1a20 00007fff5e4b1a24
0x00007fff5e4b07a0:   00007fff5e4b1668 00000001058bab60
0x00007fff5e4b07b0:   00007fb7b91e4000 00000000058baac0
0x00007fff5e4b07c0:   00007fff5e4b0890 000000010586ddd0
0x00007fff5e4b07d0:   00007fff058bab00 00007fff058bac80
0x00007fff5e4b07e0:   00000030058bacc0 00007fff5e4b0930
0x00007fff5e4b07f0:   00007fb7b91e4000 00000001058704a8
0x00007fff5e4b0800:   00007fb7b91e4000 00007fff0586ef18
0x00007fff5e4b0810:   00007fff5e4b1a40 00007fff0586ddb0
0x00007fff5e4b0820:   00007fff5e4b0850 0000000cc01a5aa8
0x00007fff5e4b0830:   00000000058baac0 000000000000000c
0x00007fff5e4b0840:   00007fff058bac60 00000001058bab00
0x00007fff5e4b0850:   00007fff5e4b1a50 00007fff058bace0
0x00007fff5e4b0860:   00000001058704a8 000000010586f938 

Instructions: (pc=0x0000000102bf0e92)
0x0000000102bf0e72:   49 8b 7f 38 e8 5b 1b 00 00 4d 89 77 38 49 89 5f
0x0000000102bf0e82:   40 4c 89 f0 48 85 c0 0f 84 11 05 00 00 48 89 c3
0x0000000102bf0e92:   0f b6 43 0c 0f b6 4b 0d 48 c1 e1 08 48 01 c1 0f
0x0000000102bf0ea2:   b6 43 0e 0f b6 53 0f 48 c1 e2 08 48 01 c2 48 c1 

Register to memory mapping:

RAX=0x00007fb7b85410e0 is an unknown value
RBX=0x000000010831f8fc is an unknown value
RCX=0x0000000000000001 is an unknown value
RDX=0x0000000000000000 is an unknown value
RSP=0x00007fff5e4b0670 is pointing into the stack for thread: 0x00007fb7b91e4000
RBP=0x00007fff5e4b06d0 is pointing into the stack for thread: 0x00007fb7b91e4000
RSI=0x0000000000100000 is an unknown value
RDI=0x0000000000000061 is an unknown value
R8 =0x0000000000000048 is an unknown value
R9 =0x00007fb7bc1060f0 is an unknown value
R10=0x00000000fff00000 is an unknown value
R11=0x00007fff5e4b074e is pointing into the stack for thread: 0x00007fb7b91e4000
R12=0x00007fb7b88fe600 is an unknown value
R13=0x0000000000003df0 is an unknown value
R14=0x0000000071960d68 is an unknown value
R15=0x00007fb7bc5ccad0 is an unknown value


Stack: [0x00007fff5dcb8000,0x00007fff5e4b8000],  sp=0x00007fff5e4b0670,  free space=8161k
Native frames: (J=compiled Java code, j=interpreted, Vv=VM code, C=native code)
C  [libzip.dylib+0x2e92]  newEntry+0x154
C  [libzip.dylib+0x352d]  ZIP_GetEntry2+0xd4
C  [libzip.dylib+0x2238]  Java_java_util_zip_ZipFile_getEntry+0xcf
J 328  java.util.zip.ZipFile.getEntry(J[BZ)J (0 bytes) @ 0x000000010c12f98e [0x000000010c12f8c0+0xce]
J 753 C2 sun.misc.URLClassPath$JarLoader.getResource(Ljava/lang/String;Z)Lsun/misc/Resource; (85 bytes) @ 0x000000010c259d48 [0x000000010c2597c0+0x588]
J 1536 C1 sun.misc.URLClassPath$JarLoader.findResource(Ljava/lang/String;Z)Ljava/net/URL; (18 bytes) @ 0x000000010c4235ec [0x000000010c423560+0x8c]
j  sun.misc.URLClassPath.findResource(Ljava/lang/String;Z)Ljava/net/URL;+26
j  java.net.URLClassLoader$2.run()Ljava/net/URL;+12
j  java.net.URLClassLoader$2.run()Ljava/lang/Object;+1
v  ~StubRoutines::call_stub
V  [libjvm.dylib+0x2ee5b6]  JavaCalls::call_helper(JavaValue*, methodHandle*, JavaCallArguments*, Thread*)+0x6ae
V  [libjvm.dylib+0x34ed14]  JVM_DoPrivileged+0x4b8
J 1363  java.security.AccessController.doPrivileged(Ljava/security/PrivilegedAction;Ljava/security/AccessControlContext;)Ljava/lang/Object; (0 bytes) @ 0x000000010c3b6615 [0x000000010c3b6540+0xd5]
j  java.net.URLClassLoader.findResource(Ljava/lang/String;)Ljava/net/URL;+13
j  java.lang.ClassLoader.getResource(Ljava/lang/String;)Ljava/net/URL;+30
j  com.sun.javafx.css.StyleManager.getURL(Ljava/lang/String;)Ljava/net/URL;+65
j  com.sun.javafx.css.StyleManager.loadStylesheetUnPrivileged(Ljava/lang/String;)Lcom/sun/javafx/css/Stylesheet;+157
j  com.sun.javafx.css.StyleManager.loadStylesheet(Ljava/lang/String;)Lcom/sun/javafx/css/Stylesheet;+1
J 3089 C1 com.sun.javafx.css.StyleManager.processStylesheets(Ljava/util/List;Ljavafx/scene/Parent;)Ljava/util/List; (263 bytes) @ 0x000000010c8dd3cc [0x000000010c8dc2a0+0x112c]
J 2932 C1 com.sun.javafx.css.StyleManager.gatherSceneStylesheets(Ljavafx/scene/Scene;)Ljava/util/List; (67 bytes) @ 0x000000010c8491ac [0x000000010c848b80+0x62c]
J 2885 C1 com.sun.javafx.css.StyleManager.findMatchingStyles(Ljavafx/scene/Node;Ljavafx/scene/SubScene;[Ljava/util/Set;)Lcom/sun/javafx/css/StyleMap; (1260 bytes) @ 0x000000010c828a64 [0x000000010c827ce0+0xd84]
J 2051 C1 javafx.scene.CssStyleHelper.createStyleHelper(Ljavafx/scene/Node;)Ljavafx/scene/CssStyleHelper; (290 bytes) @ 0x000000010c599734 [0x000000010c599380+0x3b4]
J 2930 C1 javafx.scene.Node.reapplyCss()V (174 bytes) @ 0x000000010c845284 [0x000000010c8451c0+0xc4]
J 3054 C1 javafx.scene.Node.impl_reapplyCSS()V (75 bytes) @ 0x000000010c8ba0f4 [0x000000010c8b9c20+0x4d4]
j  javafx.stage.Window.impl_visibleChanging(Z)V+18
j  javafx.stage.Stage.impl_visibleChanging(Z)V+2
j  javafx.stage.Window$9.invalidated()V+80
J 4288 C2 javafx.beans.property.BooleanPropertyBase.set(Z)V (110 bytes) @ 0x000000010c3a6a88 [0x000000010c3a6a20+0x68]
j  javafx.stage.Window.setShowing(Z)V+11
j  javafx.stage.Window.show()V+2
j  javafx.stage.Stage.show()V+1
j  javafx.stage.Stage.showAndWait()V+81
j  com.tiem625.tankpartsshop.controller.MainFrameController.handleNewChassisButton(Ljavafx/event/Event;)V+37
v  ~StubRoutines::call_stub
V  [libjvm.dylib+0x2ee5b6]  JavaCalls::call_helper(JavaValue*, methodHandle*, JavaCallArguments*, Thread*)+0x6ae
V  [libjvm.dylib+0x4d3488]  Reflection::invoke(instanceKlassHandle, methodHandle, Handle, bool, objArrayHandle, BasicType, objArrayHandle, bool, Thread*)+0xe12
V  [libjvm.dylib+0x4d39bc]  Reflection::invoke_method(oopDesc*, Handle, objArrayHandle, Thread*)+0x16c
V  [libjvm.dylib+0x3469b8]  JVM_InvokeMethod+0x166
J 3069  sun.reflect.NativeMethodAccessorImpl.invoke0(Ljava/lang/reflect/Method;Ljava/lang/Object;[Ljava/lang/Object;)Ljava/lang/Object; (0 bytes) @ 0x000000010c8c112d [0x000000010c8c1040+0xed]
J 3758 C1 sun.reflect.NativeMethodAccessorImpl.invoke(Ljava/lang/Object;[Ljava/lang/Object;)Ljava/lang/Object; (104 bytes) @ 0x000000010cb30d6c [0x000000010cb2fbc0+0x11ac]
J 3637 C2 java.lang.reflect.Method.invoke(Ljava/lang/Object;[Ljava/lang/Object;)Ljava/lang/Object; (62 bytes) @ 0x000000010caaf7a8 [0x000000010caaf700+0xa8]
J 1766 C1 sun.reflect.GeneratedMethodAccessor1.invoke(Ljava/lang/Object;[Ljava/lang/Object;)Ljava/lang/Object; (65 bytes) @ 0x000000010c4b647c [0x000000010c4b60c0+0x3bc]
J 3637 C2 java.lang.reflect.Method.invoke(Ljava/lang/Object;[Ljava/lang/Object;)Ljava/lang/Object; (62 bytes) @ 0x000000010caaf7a8 [0x000000010caaf700+0xa8]
J 1754 C1 sun.reflect.misc.MethodUtil.invoke(Ljava/lang/reflect/Method;Ljava/lang/Object;[Ljava/lang/Object;)Ljava/lang/Object; (111 bytes) @ 0x000000010c4aaacc [0x000000010c4aa600+0x4cc]
j  javafx.fxml.FXMLLoader$MethodHandler.invoke([Ljava/lang/Object;)V+19
j  javafx.fxml.FXMLLoader$ControllerMethodEventHandler.handle(Ljavafx/event/Event;)V+12
J 3408 C2 com.sun.javafx.event.EventHandlerManager.dispatchBubblingEvent(Ljavafx/event/Event;)Ljavafx/event/Event; (23 bytes) @ 0x000000010c9f0604 [0x000000010c9efc20+0x9e4]
J 4050 C2 com.sun.javafx.event.CompositeEventDispatcher.dispatchBubblingEvent(Ljavafx/event/Event;)Ljavafx/event/Event; (35 bytes) @ 0x000000010cbc0a4c [0x000000010cbc09e0+0x6c]
J 3308 C2 com.sun.javafx.event.BasicEventDispatcher.dispatchEvent(Ljavafx/event/Event;Ljavafx/event/EventDispatchChain;)Ljavafx/event/Event; (44 bytes) @ 0x000000010c98aa30 [0x000000010c98a900+0x130]
J 3308 C2 com.sun.javafx.event.BasicEventDispatcher.dispatchEvent(Ljavafx/event/Event;Ljavafx/event/EventDispatchChain;)Ljavafx/event/Event; (44 bytes) @ 0x000000010c98a9f0 [0x000000010c98a900+0xf0]
J 3308 C2 com.sun.javafx.event.BasicEventDispatcher.dispatchEvent(Ljavafx/event/Event;Ljavafx/event/EventDispatchChain;)Ljavafx/event/Event; (44 bytes) @ 0x000000010c98a9f0 [0x000000010c98a900+0xf0]
J 3308 C2 com.sun.javafx.event.BasicEventDispatcher.dispatchEvent(Ljavafx/event/Event;Ljavafx/event/EventDispatchChain;)Ljavafx/event/Event; (44 bytes) @ 0x000000010c98a9f0 [0x000000010c98a900+0xf0]
J 4238 C2 com.sun.javafx.event.EventUtil.fireEvent(Ljavafx/event/EventTarget;Ljavafx/event/Event;)Ljavafx/event/Event; (81 bytes) @ 0x000000010c2cbc68 [0x000000010c2cba00+0x268]
J 1459 C1 javafx.event.Event.fireEvent(Ljavafx/event/EventTarget;Ljavafx/event/Event;)V (35 bytes) @ 0x000000010c3e58ac [0x000000010c3e57e0+0xcc]
j  javafx.scene.Node.fireEvent(Ljavafx/event/Event;)V+86
j  javafx.scene.control.Button.fire()V+15
j  com.sun.javafx.scene.control.behavior.ButtonBehavior.mouseReleased(Ljavafx/scene/input/MouseEvent;)V+23
J 3716 C1 com.sun.javafx.scene.control.skin.BehaviorSkinBase$1.handle(Ljavafx/scene/input/MouseEvent;)V (121 bytes) @ 0x000000010cafae7c [0x000000010cafaa60+0x41c]
J 3715 C1 com.sun.javafx.scene.control.skin.BehaviorSkinBase$1.handle(Ljavafx/event/Event;)V (9 bytes) @ 0x000000010cafba2c [0x000000010cafb8c0+0x16c]
J 3408 C2 com.sun.javafx.event.EventHandlerManager.dispatchBubblingEvent(Ljavafx/event/Event;)Ljavafx/event/Event; (23 bytes) @ 0x000000010c9f0200 [0x000000010c9efc20+0x5e0]
J 4050 C2 com.sun.javafx.event.CompositeEventDispatcher.dispatchBubblingEvent(Ljavafx/event/Event;)Ljavafx/event/Event; (35 bytes) @ 0x000000010cbc0a4c [0x000000010cbc09e0+0x6c]
J 3308 C2 com.sun.javafx.event.BasicEventDispatcher.dispatchEvent(Ljavafx/event/Event;Ljavafx/event/EventDispatchChain;)Ljavafx/event/Event; (44 bytes) @ 0x000000010c98aa30 [0x000000010c98a900+0x130]
J 3308 C2 com.sun.javafx.event.BasicEventDispatcher.dispatchEvent(Ljavafx/event/Event;Ljavafx/event/EventDispatchChain;)Ljavafx/event/Event; (44 bytes) @ 0x000000010c98a9f0 [0x000000010c98a900+0xf0]
J 3308 C2 com.sun.javafx.event.BasicEventDispatcher.dispatchEvent(Ljavafx/event/Event;Ljavafx/event/EventDispatchChain;)Ljavafx/event/Event; (44 bytes) @ 0x000000010c98a9f0 [0x000000010c98a900+0xf0]
J 3308 C2 com.sun.javafx.event.BasicEventDispatcher.dispatchEvent(Ljavafx/event/Event;Ljavafx/event/EventDispatchChain;)Ljavafx/event/Event; (44 bytes) @ 0x000000010c98a9f0 [0x000000010c98a900+0xf0]
J 4388 C2 javafx.scene.Scene$MouseHandler.process(Ljavafx/scene/input/MouseEvent;Z)V (735 bytes) @ 0x000000010c8cab04 [0x000000010c8c99c0+0x1144]
J 4458 C2 com.sun.javafx.tk.quantum.GlassViewEventHandler$MouseEventNotification.run()Ljava/lang/Void; (567 bytes) @ 0x000000010c369e50 [0x000000010c3698c0+0x590]
J 4401 C2 com.sun.javafx.tk.quantum.GlassViewEventHandler$MouseEventNotification.run()Ljava/lang/Object; (5 bytes) @ 0x000000010cb792d4 [0x000000010cb792a0+0x34]
v  ~StubRoutines::call_stub
V  [libjvm.dylib+0x2ee5b6]  JavaCalls::call_helper(JavaValue*, methodHandle*, JavaCallArguments*, Thread*)+0x6ae
V  [libjvm.dylib+0x34ed14]  JVM_DoPrivileged+0x4b8
J 1363  java.security.AccessController.doPrivileged(Ljava/security/PrivilegedAction;Ljava/security/AccessControlContext;)Ljava/lang/Object; (0 bytes) @ 0x000000010c3b6615 [0x000000010c3b6540+0xd5]
J 4400 C2 com.sun.glass.ui.View.notifyMouse(IIIIIIIZZ)V (221 bytes) @ 0x000000010c986f8c [0x000000010c986de0+0x1ac]
v  ~StubRoutines::call_stub
V  [libjvm.dylib+0x2ee5b6]  JavaCalls::call_helper(JavaValue*, methodHandle*, JavaCallArguments*, Thread*)+0x6ae
V  [libjvm.dylib+0x325765]  jni_invoke_nonstatic(JNIEnv_*, JavaValue*, _jobject*, JNICallType, _jmethodID*, JNI_ArgumentPusher*, Thread*)+0x2ec
V  [libjvm.dylib+0x317f33]  jni_CallVoidMethod+0x16b
C  [libglass.dylib+0x2055c]  -[GlassViewDelegate sendJavaMouseEvent:]+0x86c
C  [AppKit+0x93c8de]  -[NSWindow(NSEventRouting) _reallySendEvent:isDelayedEvent:]+0x608
C  [AppKit+0x93bf0a]  -[NSWindow(NSEventRouting) sendEvent:]+0x21d
C  [libglass.dylib+0x25994]  -[GlassWindow_Normal sendEvent:]+0x74
C  [AppKit+0x7c0681]  -[NSApplication(NSEvent) sendEvent:]+0x479
C  [AppKit+0x3b427]  -[NSApplication run]+0x3ea
C  [libglass.dylib+0x651c]  -[GlassApplication runLoop:]+0x72c
C  [Foundation+0x717ba]  __NSThreadPerformPerform+0x146
C  [CoreFoundation+0xa43e1]  __CFRUNLOOP_IS_CALLING_OUT_TO_A_SOURCE0_PERFORM_FUNCTION__+0x11
C  [CoreFoundation+0x8565c]  __CFRunLoopDoSources0+0x22c
C  [CoreFoundation+0x84b46]  __CFRunLoopRun+0x3a6
C  [CoreFoundation+0x84544]  CFRunLoopRunSpecific+0x1a4
C  [java+0x6465]  CreateExecutionEnvironment+0x367
C  [java+0x218c]  JLI_Launch+0x7a0
C  [java+0x84c2]  main+0x65
C  [java+0x19e4]  start+0x34
C  0x0000000000000003

Java frames: (J=compiled Java code, j=interpreted, Vv=VM code)
J 328  java.util.zip.ZipFile.getEntry(J[BZ)J (0 bytes) @ 0x000000010c12f918 [0x000000010c12f8c0+0x58]
J 753 C2 sun.misc.URLClassPath$JarLoader.getResource(Ljava/lang/String;Z)Lsun/misc/Resource; (85 bytes) @ 0x000000010c259d48 [0x000000010c2597c0+0x588]
J 1536 C1 sun.misc.URLClassPath$JarLoader.findResource(Ljava/lang/String;Z)Ljava/net/URL; (18 bytes) @ 0x000000010c4235ec [0x000000010c423560+0x8c]
j  sun.misc.URLClassPath.findResource(Ljava/lang/String;Z)Ljava/net/URL;+26
j  java.net.URLClassLoader$2.run()Ljava/net/URL;+12
j  java.net.URLClassLoader$2.run()Ljava/lang/Object;+1
v  ~StubRoutines::call_stub
J 1363  java.security.AccessController.doPrivileged(Ljava/security/PrivilegedAction;Ljava/security/AccessControlContext;)Ljava/lang/Object; (0 bytes) @ 0x000000010c3b65a3 [0x000000010c3b6540+0x63]
j  java.net.URLClassLoader.findResource(Ljava/lang/String;)Ljava/net/URL;+13
j  java.lang.ClassLoader.getResource(Ljava/lang/String;)Ljava/net/URL;+30
j  com.sun.javafx.css.StyleManager.getURL(Ljava/lang/String;)Ljava/net/URL;+65
j  com.sun.javafx.css.StyleManager.loadStylesheetUnPrivileged(Ljava/lang/String;)Lcom/sun/javafx/css/Stylesheet;+157
j  com.sun.javafx.css.StyleManager.loadStylesheet(Ljava/lang/String;)Lcom/sun/javafx/css/Stylesheet;+1
J 3089 C1 com.sun.javafx.css.StyleManager.processStylesheets(Ljava/util/List;Ljavafx/scene/Parent;)Ljava/util/List; (263 bytes) @ 0x000000010c8dd3cc [0x000000010c8dc2a0+0x112c]
J 2932 C1 com.sun.javafx.css.StyleManager.gatherSceneStylesheets(Ljavafx/scene/Scene;)Ljava/util/List; (67 bytes) @ 0x000000010c8491ac [0x000000010c848b80+0x62c]
J 2885 C1 com.sun.javafx.css.StyleManager.findMatchingStyles(Ljavafx/scene/Node;Ljavafx/scene/SubScene;[Ljava/util/Set;)Lcom/sun/javafx/css/StyleMap; (1260 bytes) @ 0x000000010c828a64 [0x000000010c827ce0+0xd84]
J 2051 C1 javafx.scene.CssStyleHelper.createStyleHelper(Ljavafx/scene/Node;)Ljavafx/scene/CssStyleHelper; (290 bytes) @ 0x000000010c599734 [0x000000010c599380+0x3b4]
J 2930 C1 javafx.scene.Node.reapplyCss()V (174 bytes) @ 0x000000010c845284 [0x000000010c8451c0+0xc4]
J 3054 C1 javafx.scene.Node.impl_reapplyCSS()V (75 bytes) @ 0x000000010c8ba0f4 [0x000000010c8b9c20+0x4d4]
j  javafx.stage.Window.impl_visibleChanging(Z)V+18
j  javafx.stage.Stage.impl_visibleChanging(Z)V+2
j  javafx.stage.Window$9.invalidated()V+80
J 4288 C2 javafx.beans.property.BooleanPropertyBase.set(Z)V (110 bytes) @ 0x000000010c3a6a88 [0x000000010c3a6a20+0x68]
j  javafx.stage.Window.setShowing(Z)V+11
j  javafx.stage.Window.show()V+2
j  javafx.stage.Stage.show()V+1
j  javafx.stage.Stage.showAndWait()V+81
j  com.tiem625.tankpartsshop.controller.MainFrameController.handleNewChassisButton(Ljavafx/event/Event;)V+37
v  ~StubRoutines::call_stub
J 3069  sun.reflect.NativeMethodAccessorImpl.invoke0(Ljava/lang/reflect/Method;Ljava/lang/Object;[Ljava/lang/Object;)Ljava/lang/Object; (0 bytes) @ 0x000000010c8c10b7 [0x000000010c8c1040+0x77]
J 3758 C1 sun.reflect.NativeMethodAccessorImpl.invoke(Ljava/lang/Object;[Ljava/lang/Object;)Ljava/lang/Object; (104 bytes) @ 0x000000010cb30d6c [0x000000010cb2fbc0+0x11ac]
J 3637 C2 java.lang.reflect.Method.invoke(Ljava/lang/Object;[Ljava/lang/Object;)Ljava/lang/Object; (62 bytes) @ 0x000000010caaf7a8 [0x000000010caaf700+0xa8]
J 1766 C1 sun.reflect.GeneratedMethodAccessor1.invoke(Ljava/lang/Object;[Ljava/lang/Object;)Ljava/lang/Object; (65 bytes) @ 0x000000010c4b647c [0x000000010c4b60c0+0x3bc]
J 3637 C2 java.lang.reflect.Method.invoke(Ljava/lang/Object;[Ljava/lang/Object;)Ljava/lang/Object; (62 bytes) @ 0x000000010caaf7a8 [0x000000010caaf700+0xa8]
J 1754 C1 sun.reflect.misc.MethodUtil.invoke(Ljava/lang/reflect/Method;Ljava/lang/Object;[Ljava/lang/Object;)Ljava/lang/Object; (111 bytes) @ 0x000000010c4aaacc [0x000000010c4aa600+0x4cc]
j  javafx.fxml.FXMLLoader$MethodHandler.invoke([Ljava/lang/Object;)V+19
j  javafx.fxml.FXMLLoader$ControllerMethodEventHandler.handle(Ljavafx/event/Event;)V+12
J 3408 C2 com.sun.javafx.event.EventHandlerManager.dispatchBubblingEvent(Ljavafx/event/Event;)Ljavafx/event/Event; (23 bytes) @ 0x000000010c9f0604 [0x000000010c9efc20+0x9e4]
J 4050 C2 com.sun.javafx.event.CompositeEventDispatcher.dispatchBubblingEvent(Ljavafx/event/Event;)Ljavafx/event/Event; (35 bytes) @ 0x000000010cbc0a4c [0x000000010cbc09e0+0x6c]
J 3308 C2 com.sun.javafx.event.BasicEventDispatcher.dispatchEvent(Ljavafx/event/Event;Ljavafx/event/EventDispatchChain;)Ljavafx/event/Event; (44 bytes) @ 0x000000010c98aa30 [0x000000010c98a900+0x130]
J 3308 C2 com.sun.javafx.event.BasicEventDispatcher.dispatchEvent(Ljavafx/event/Event;Ljavafx/event/EventDispatchChain;)Ljavafx/event/Event; (44 bytes) @ 0x000000010c98a9f0 [0x000000010c98a900+0xf0]
J 3308 C2 com.sun.javafx.event.BasicEventDispatcher.dispatchEvent(Ljavafx/event/Event;Ljavafx/event/EventDispatchChain;)Ljavafx/event/Event; (44 bytes) @ 0x000000010c98a9f0 [0x000000010c98a900+0xf0]
J 3308 C2 com.sun.javafx.event.BasicEventDispatcher.dispatchEvent(Ljavafx/event/Event;Ljavafx/event/EventDispatchChain;)Ljavafx/event/Event; (44 bytes) @ 0x000000010c98a9f0 [0x000000010c98a900+0xf0]
J 4238 C2 com.sun.javafx.event.EventUtil.fireEvent(Ljavafx/event/EventTarget;Ljavafx/event/Event;)Ljavafx/event/Event; (81 bytes) @ 0x000000010c2cbc68 [0x000000010c2cba00+0x268]
J 1459 C1 javafx.event.Event.fireEvent(Ljavafx/event/EventTarget;Ljavafx/event/Event;)V (35 bytes) @ 0x000000010c3e58ac [0x000000010c3e57e0+0xcc]
j  javafx.scene.Node.fireEvent(Ljavafx/event/Event;)V+86
j  javafx.scene.control.Button.fire()V+15
j  com.sun.javafx.scene.control.behavior.ButtonBehavior.mouseReleased(Ljavafx/scene/input/MouseEvent;)V+23
J 3716 C1 com.sun.javafx.scene.control.skin.BehaviorSkinBase$1.handle(Ljavafx/scene/input/MouseEvent;)V (121 bytes) @ 0x000000010cafae7c [0x000000010cafaa60+0x41c]
J 3715 C1 com.sun.javafx.scene.control.skin.BehaviorSkinBase$1.handle(Ljavafx/event/Event;)V (9 bytes) @ 0x000000010cafba2c [0x000000010cafb8c0+0x16c]
J 3408 C2 com.sun.javafx.event.EventHandlerManager.dispatchBubblingEvent(Ljavafx/event/Event;)Ljavafx/event/Event; (23 bytes) @ 0x000000010c9f0200 [0x000000010c9efc20+0x5e0]
J 4050 C2 com.sun.javafx.event.CompositeEventDispatcher.dispatchBubblingEvent(Ljavafx/event/Event;)Ljavafx/event/Event; (35 bytes) @ 0x000000010cbc0a4c [0x000000010cbc09e0+0x6c]
J 3308 C2 com.sun.javafx.event.BasicEventDispatcher.dispatchEvent(Ljavafx/event/Event;Ljavafx/event/EventDispatchChain;)Ljavafx/event/Event; (44 bytes) @ 0x000000010c98aa30 [0x000000010c98a900+0x130]
J 3308 C2 com.sun.javafx.event.BasicEventDispatcher.dispatchEvent(Ljavafx/event/Event;Ljavafx/event/EventDispatchChain;)Ljavafx/event/Event; (44 bytes) @ 0x000000010c98a9f0 [0x000000010c98a900+0xf0]
J 3308 C2 com.sun.javafx.event.BasicEventDispatcher.dispatchEvent(Ljavafx/event/Event;Ljavafx/event/EventDispatchChain;)Ljavafx/event/Event; (44 bytes) @ 0x000000010c98a9f0 [0x000000010c98a900+0xf0]
J 3308 C2 com.sun.javafx.event.BasicEventDispatcher.dispatchEvent(Ljavafx/event/Event;Ljavafx/event/EventDispatchChain;)Ljavafx/event/Event; (44 bytes) @ 0x000000010c98a9f0 [0x000000010c98a900+0xf0]
J 4388 C2 javafx.scene.Scene$MouseHandler.process(Ljavafx/scene/input/MouseEvent;Z)V (735 bytes) @ 0x000000010c8cab04 [0x000000010c8c99c0+0x1144]
J 4458 C2 com.sun.javafx.tk.quantum.GlassViewEventHandler$MouseEventNotification.run()Ljava/lang/Void; (567 bytes) @ 0x000000010c369e50 [0x000000010c3698c0+0x590]
J 4401 C2 com.sun.javafx.tk.quantum.GlassViewEventHandler$MouseEventNotification.run()Ljava/lang/Object; (5 bytes) @ 0x000000010cb792d4 [0x000000010cb792a0+0x34]
v  ~StubRoutines::call_stub
J 1363  java.security.AccessController.doPrivileged(Ljava/security/PrivilegedAction;Ljava/security/AccessControlContext;)Ljava/lang/Object; (0 bytes) @ 0x000000010c3b65a3 [0x000000010c3b6540+0x63]
J 4400 C2 com.sun.glass.ui.View.notifyMouse(IIIIIIIZZ)V (221 bytes) @ 0x000000010c986f8c [0x000000010c986de0+0x1ac]
v  ~StubRoutines::call_stub

---------------  P R O C E S S  ---------------

Java Threads: ( => current thread )
  0x00007fb7b8b7c000 JavaThread "Prism Font Disposer" daemon [_thread_blocked, id=52259, stack(0x000070000ccfc000,0x000070000cdfc000)]
  0x00007fb7b9269000 JavaThread "JavaFX-Launcher" [_thread_blocked, id=48899, stack(0x000070000cbf9000,0x000070000ccf9000)]
  0x00007fb7b924d000 JavaThread "Thread-3" daemon [_thread_in_native, id=35587, stack(0x000070000caf3000,0x000070000cb73000)]
=>0x00007fb7b91e4000 JavaThread "JavaFX Application Thread" [_thread_in_native, id=775, stack(0x00007fff5dcb8000,0x00007fff5e4b8000)]
  0x00007fb7b91d6000 JavaThread "Thread-1" daemon [_thread_blocked, id=23299, stack(0x000070000c96d000,0x000070000ca6d000)]
  0x00007fb7b8955000 JavaThread "QuantumRenderer-0" daemon [_thread_blocked, id=18179, stack(0x000070000c86a000,0x000070000c96a000)]
  0x00007fb7b9043000 JavaThread "Service Thread" daemon [_thread_blocked, id=17155, stack(0x000070000c664000,0x000070000c764000)]
  0x00007fb7b8862800 JavaThread "C1 CompilerThread1" daemon [_thread_blocked, id=16643, stack(0x000070000c561000,0x000070000c661000)]
  0x00007fb7b884b000 JavaThread "C2 CompilerThread0" daemon [_thread_blocked, id=16131, stack(0x000070000c45e000,0x000070000c55e000)]
  0x00007fb7b9042800 JavaThread "Signal Dispatcher" daemon [_thread_blocked, id=15619, stack(0x000070000c35b000,0x000070000c45b000)]
  0x00007fb7b9038800 JavaThread "Finalizer" daemon [_thread_blocked, id=11523, stack(0x000070000c258000,0x000070000c358000)]
  0x00007fb7b9004000 JavaThread "Reference Handler" daemon [_thread_blocked, id=11011, stack(0x000070000c155000,0x000070000c255000)]
  0x00007fb7b8808800 JavaThread "main" [_thread_blocked, id=7171, stack(0x000070000bd49000,0x000070000be49000)]

Other Threads:
  0x00007fb7b883a000 VMThread [stack: 0x000070000c052000,0x000070000c152000] [id=10499]
  0x00007fb7b885c800 WatcherThread [stack: 0x000070000c767000,0x000070000c867000] [id=17667]

VM state:not at safepoint (normal execution)

VM Mutex/Monitor currently owned by a thread: None

Heap:
 PSYoungGen      total 20480K, used 11574K [0x00000007aab00000, 0x00000007ac380000, 0x00000007c0000000)
  eden space 15872K, 71% used [0x00000007aab00000,0x00000007ab625bf8,0x00000007aba80000)
  from space 4608K, 3% used [0x00000007abf00000,0x00000007abf28000,0x00000007ac380000)
  to   space 4608K, 0% used [0x00000007aba80000,0x00000007aba80000,0x00000007abf00000)
 ParOldGen       total 33280K, used 15940K [0x0000000780000000, 0x0000000782080000, 0x00000007aab00000)
  object space 33280K, 47% used [0x0000000780000000,0x0000000780f913e0,0x0000000782080000)
 Metaspace       used 23095K, capacity 24232K, committed 24448K, reserved 1071104K
  class space    used 3083K, capacity 3371K, committed 3456K, reserved 1048576K

Card table byte_map: [0x0000000102fb7000,0x00000001031b8000] byte_map_base: 0x00000000ff3b7000

Marking Bits: (ParMarkBitMap*) 0x00000001024f1ea0
 Begin Bits: [0x000000010330e000, 0x000000010430e000)
 End Bits:   [0x000000010430e000, 0x000000010530e000)

Polling page: 0x00000001017f7000

CodeCache: size=245760Kb used=13752Kb max_used=13796Kb free=232007Kb
 bounds [0x000000010bf82000, 0x000000010cd32000, 0x000000011af82000]
 total_blobs=5015 nmethods=4297 adapters=632
 compilation: enabled

Compilation events (10 events):
Event: 3700.711 Thread 0x00007fb7b884b000 4993       4       com.sun.javafx.css.Size::pixels (7 bytes)
Event: 3700.712 Thread 0x00007fb7b884b000 nmethod 4993 0x000000010c951bd0 code [0x000000010c951d40, 0x000000010c951dd8]
Event: 3701.295 Thread 0x00007fb7b8862800 4995       3       com.sun.javafx.event.EventDispatchChainImpl::reset (44 bytes)
Event: 3701.295 Thread 0x00007fb7b8862800 nmethod 4995 0x000000010c55bd90 code [0x000000010c55bf20, 0x000000010c55c290]
Event: 3701.679 Thread 0x00007fb7b8862800 4996       3       javafx.scene.Scene$MouseHandler$1::run (39 bytes)
Event: 3701.680 Thread 0x00007fb7b8862800 nmethod 4996 0x000000010c908bd0 code [0x000000010c908d60, 0x000000010c909028]
Event: 3703.081 Thread 0x00007fb7b8862800 4997       3       com.sun.javafx.geom.transform.GeneralTransform3D::transform (29 bytes)
Event: 3703.081 Thread 0x00007fb7b8862800 nmethod 4997 0x000000010cce6ed0 code [0x000000010cce7060, 0x000000010cce7368]
Event: 3703.115 Thread 0x00007fb7b8862800 4998       3       javafx.scene.layout.BackgroundFill::<init> (95 bytes)
Event: 3703.115 Thread 0x00007fb7b8862800 nmethod 4998 0x000000010c337a90 code [0x000000010c337c20, 0x000000010c338098]

GC Heap History (10 events):
Event: 2831.984 GC heap before
{Heap before GC invocations=23 (full 1):
 PSYoungGen      total 16384K, used 16064K [0x00000007aab00000, 0x00000007ac580000, 0x00000007c0000000)
  eden space 15872K, 100% used [0x00000007aab00000,0x00000007aba80000,0x00000007aba80000)
  from space 512K, 37% used [0x00000007aba80000,0x00000007abab0000,0x00000007abb00000)
  to   space 5632K, 0% used [0x00000007ac000000,0x00000007ac000000,0x00000007ac580000)
 ParOldGen       total 33280K, used 15916K [0x0000000780000000, 0x0000000782080000, 0x00000007aab00000)
  object space 33280K, 47% used [0x0000000780000000,0x0000000780f8b3e0,0x0000000782080000)
 Metaspace       used 23084K, capacity 24230K, committed 24448K, reserved 1071104K
  class space    used 3082K, capacity 3370K, committed 3456K, reserved 1048576K
Event: 2831.986 GC heap after
Heap after GC invocations=23 (full 1):
 PSYoungGen      total 21504K, used 192K [0x00000007aab00000, 0x00000007ac580000, 0x00000007c0000000)
  eden space 15872K, 0% used [0x00000007aab00000,0x00000007aab00000,0x00000007aba80000)
  from space 5632K, 3% used [0x00000007ac000000,0x00000007ac030000,0x00000007ac580000)
  to   space 5632K, 0% used [0x00000007aba80000,0x00000007aba80000,0x00000007ac000000)
 ParOldGen       total 33280K, used 15916K [0x0000000780000000, 0x0000000782080000, 0x00000007aab00000)
  object space 33280K, 47% used [0x0000000780000000,0x0000000780f8b3e0,0x0000000782080000)
 Metaspace       used 23084K, capacity 24230K, committed 24448K, reserved 1071104K
  class space    used 3082K, capacity 3370K, committed 3456K, reserved 1048576K
}
Event: 3017.223 GC heap before
{Heap before GC invocations=24 (full 1):
 PSYoungGen      total 21504K, used 16064K [0x00000007aab00000, 0x00000007ac580000, 0x00000007c0000000)
  eden space 15872K, 100% used [0x00000007aab00000,0x00000007aba80000,0x00000007aba80000)
  from space 5632K, 3% used [0x00000007ac000000,0x00000007ac030000,0x00000007ac580000)
  to   space 5632K, 0% used [0x00000007aba80000,0x00000007aba80000,0x00000007ac000000)
 ParOldGen       total 33280K, used 15916K [0x0000000780000000, 0x0000000782080000, 0x00000007aab00000)
  object space 33280K, 47% used [0x0000000780000000,0x0000000780f8b3e0,0x0000000782080000)
 Metaspace       used 23084K, capacity 24230K, committed 24448K, reserved 1071104K
  class space    used 3082K, capacity 3370K, committed 3456K, reserved 1048576K
Event: 3017.226 GC heap after
Heap after GC invocations=24 (full 1):
 PSYoungGen      total 16384K, used 192K [0x00000007aab00000, 0x00000007ac480000, 0x00000007c0000000)
  eden space 15872K, 0% used [0x00000007aab00000,0x00000007aab00000,0x00000007aba80000)
  from space 512K, 37% used [0x00000007aba80000,0x00000007abab0000,0x00000007abb00000)
  to   space 5120K, 0% used [0x00000007abf80000,0x00000007abf80000,0x00000007ac480000)
 ParOldGen       total 33280K, used 15916K [0x0000000780000000, 0x0000000782080000, 0x00000007aab00000)
  object space 33280K, 47% used [0x0000000780000000,0x0000000780f8b3e0,0x0000000782080000)
 Metaspace       used 23084K, capacity 24230K, committed 24448K, reserved 1071104K
  class space    used 3082K, capacity 3370K, committed 3456K, reserved 1048576K
}
Event: 3203.301 GC heap before
{Heap before GC invocations=25 (full 1):
 PSYoungGen      total 16384K, used 16064K [0x00000007aab00000, 0x00000007ac480000, 0x00000007c0000000)
  eden space 15872K, 100% used [0x00000007aab00000,0x00000007aba80000,0x00000007aba80000)
  from space 512K, 37% used [0x00000007aba80000,0x00000007abab0000,0x00000007abb00000)
  to   space 5120K, 0% used [0x00000007abf80000,0x00000007abf80000,0x00000007ac480000)
 ParOldGen       total 33280K, used 15916K [0x0000000780000000, 0x0000000782080000, 0x00000007aab00000)
  object space 33280K, 47% used [0x0000000780000000,0x0000000780f8b3e0,0x0000000782080000)
 Metaspace       used 23084K, capacity 24230K, committed 24448K, reserved 1071104K
  class space    used 3082K, capacity 3370K, committed 3456K, reserved 1048576K
Event: 3203.303 GC heap after
Heap after GC invocations=25 (full 1):
 PSYoungGen      total 20992K, used 192K [0x00000007aab00000, 0x00000007ac480000, 0x00000007c0000000)
  eden space 15872K, 0% used [0x00000007aab00000,0x00000007aab00000,0x00000007aba80000)
  from space 5120K, 3% used [0x00000007abf80000,0x00000007abfb0000,0x00000007ac480000)
  to   space 5120K, 0% used [0x00000007aba80000,0x00000007aba80000,0x00000007abf80000)
 ParOldGen       total 33280K, used 15916K [0x0000000780000000, 0x0000000782080000, 0x00000007aab00000)
  object space 33280K, 47% used [0x0000000780000000,0x0000000780f8b3e0,0x0000000782080000)
 Metaspace       used 23084K, capacity 24230K, committed 24448K, reserved 1071104K
  class space    used 3082K, capacity 3370K, committed 3456K, reserved 1048576K
}
Event: 3389.976 GC heap before
{Heap before GC invocations=26 (full 1):
 PSYoungGen      total 20992K, used 16064K [0x00000007aab00000, 0x00000007ac480000, 0x00000007c0000000)
  eden space 15872K, 100% used [0x00000007aab00000,0x00000007aba80000,0x00000007aba80000)
  from space 5120K, 3% used [0x00000007abf80000,0x00000007abfb0000,0x00000007ac480000)
  to   space 5120K, 0% used [0x00000007aba80000,0x00000007aba80000,0x00000007abf80000)
 ParOldGen       total 33280K, used 15916K [0x0000000780000000, 0x0000000782080000, 0x00000007aab00000)
  object space 33280K, 47% used [0x0000000780000000,0x0000000780f8b3e0,0x0000000782080000)
 Metaspace       used 23084K, capacity 24230K, committed 24448K, reserved 1071104K
  class space    used 3082K, capacity 3370K, committed 3456K, reserved 1048576K
Event: 3389.979 GC heap after
Heap after GC invocations=26 (full 1):
 PSYoungGen      total 16384K, used 192K [0x00000007aab00000, 0x00000007ac380000, 0x00000007c0000000)
  eden space 15872K, 0% used [0x00000007aab00000,0x00000007aab00000,0x00000007aba80000)
  from space 512K, 37% used [0x00000007aba80000,0x00000007abab0000,0x00000007abb00000)
  to   space 4608K, 0% used [0x00000007abf00000,0x00000007abf00000,0x00000007ac380000)
 ParOldGen       total 33280K, used 15932K [0x0000000780000000, 0x0000000782080000, 0x00000007aab00000)
  object space 33280K, 47% used [0x0000000780000000,0x0000000780f8f3e0,0x0000000782080000)
 Metaspace       used 23084K, capacity 24230K, committed 24448K, reserved 1071104K
  class space    used 3082K, capacity 3370K, committed 3456K, reserved 1048576K
}
Event: 3576.494 GC heap before
{Heap before GC invocations=27 (full 1):
 PSYoungGen      total 16384K, used 16064K [0x00000007aab00000, 0x00000007ac380000, 0x00000007c0000000)
  eden space 15872K, 100% used [0x00000007aab00000,0x00000007aba80000,0x00000007aba80000)
  from space 512K, 37% used [0x00000007aba80000,0x00000007abab0000,0x00000007abb00000)
  to   space 4608K, 0% used [0x00000007abf00000,0x00000007abf00000,0x00000007ac380000)
 ParOldGen       total 33280K, used 15932K [0x0000000780000000, 0x0000000782080000, 0x00000007aab00000)
  object space 33280K, 47% used [0x0000000780000000,0x0000000780f8f3e0,0x0000000782080000)
 Metaspace       used 23084K, capacity 24230K, committed 24448K, reserved 1071104K
  class space    used 3082K, capacity 3370K, committed 3456K, reserved 1048576K
Event: 3576.497 GC heap after
Heap after GC invocations=27 (full 1):
 PSYoungGen      total 20480K, used 160K [0x00000007aab00000, 0x00000007ac380000, 0x00000007c0000000)
  eden space 15872K, 0% used [0x00000007aab00000,0x00000007aab00000,0x00000007aba80000)
  from space 4608K, 3% used [0x00000007abf00000,0x00000007abf28000,0x00000007ac380000)
  to   space 4608K, 0% used [0x00000007aba80000,0x00000007aba80000,0x00000007abf00000)
 ParOldGen       total 33280K, used 15940K [0x0000000780000000, 0x0000000782080000, 0x00000007aab00000)
  object space 33280K, 47% used [0x0000000780000000,0x0000000780f913e0,0x0000000782080000)
 Metaspace       used 23084K, capacity 24230K, committed 24448K, reserved 1071104K
  class space    used 3082K, capacity 3370K, committed 3456K, reserved 1048576K
}

Deoptimization events (10 events):
Event: 1180.459 Thread 0x00007fb7b91e4000 Uncommon trap: reason=class_check action=maybe_recompile pc=0x000000010cbca6c0 method=javafx.scene.Node.buildEventDispatchChain(Ljavafx/event/EventDispatchChain;)Ljavafx/event/EventDispatchChain; @ 44
Event: 1180.459 Thread 0x00007fb7b91e4000 Uncommon trap: reason=class_check action=maybe_recompile pc=0x000000010cbca6c0 method=javafx.scene.Node.buildEventDispatchChain(Ljavafx/event/EventDispatchChain;)Ljavafx/event/EventDispatchChain; @ 44
Event: 1180.467 Thread 0x00007fb7b91e4000 Uncommon trap: reason=class_check action=maybe_recompile pc=0x000000010cbca6c0 method=javafx.scene.Node.buildEventDispatchChain(Ljavafx/event/EventDispatchChain;)Ljavafx/event/EventDispatchChain; @ 44
Event: 1180.765 Thread 0x00007fb7b91e4000 Uncommon trap: reason=unstable_if action=reinterpret pc=0x000000010c60f1dc method=java.lang.Math.round(D)J @ 48
Event: 2275.980 Thread 0x00007fb7b9004000 Uncommon trap: reason=unstable_if action=reinterpret pc=0x000000010c56413c method=java.lang.ref.Reference.tryHandlePending(Z)Z @ 104
Event: 3697.397 Thread 0x00007fb7b8955000 Uncommon trap: reason=unstable_if action=reinterpret pc=0x000000010c5d8548 method=com.sun.javafx.geom.transform.AffineBase.translate(DD)V @ 501
Event: 3697.484 Thread 0x00007fb7b91e4000 Uncommon trap: reason=unstable_if action=reinterpret pc=0x000000010c47715c method=com.sun.prism.PresentableState.update()V @ 62
Event: 3697.484 Thread 0x00007fb7b8955000 Uncommon trap: reason=class_check action=maybe_recompile pc=0x000000010c3f93b0 method=java.util.concurrent.Executors$RunnableAdapter.call()Ljava/lang/Object; @ 4
Event: 3698.567 Thread 0x00007fb7b8955000 Uncommon trap: reason=class_check action=maybe_recompile pc=0x000000010c3f93b0 method=java.util.concurrent.Executors$RunnableAdapter.call()Ljava/lang/Object; @ 4
Event: 3699.743 Thread 0x00007fb7b8955000 Uncommon trap: reason=class_check action=maybe_recompile pc=0x000000010c3f93b0 method=java.util.concurrent.Executors$RunnableAdapter.call()Ljava/lang/Object; @ 4

Internal exceptions (10 events):
Event: 1.772 Thread 0x00007fb7b91e4000 Implicit null exception at 0x000000010c2031b5 to 0x000000010c2033f1
Event: 30.362 Thread 0x00007fb7b91e4000 Exception <a 'java/lang/ArrayIndexOutOfBoundsException'> (0x00000007ab273e20) thrown at [/Users/java_re/workspace/8-2-build-macosx-x86_64/jdk8u131/8869/hotspot/src/share/vm/runtime/sharedRuntime.cpp, line 605]
Event: 30.366 Thread 0x00007fb7b91e4000 Exception <a 'java/lang/ArrayIndexOutOfBoundsException'> (0x00000007ab2ebbd0) thrown at [/Users/java_re/workspace/8-2-build-macosx-x86_64/jdk8u131/8869/hotspot/src/share/vm/runtime/sharedRuntime.cpp, line 605]
Event: 30.484 Thread 0x00007fb7b91e4000 Exception <a 'java/lang/ArrayIndexOutOfBoundsException'> (0x00000007aabc3160) thrown at [/Users/java_re/workspace/8-2-build-macosx-x86_64/jdk8u131/8869/hotspot/src/share/vm/runtime/sharedRuntime.cpp, line 605]
Event: 51.581 Thread 0x00007fb7b91e4000 Implicit null exception at 0x000000010c718e39 to 0x000000010c719515
Event: 51.581 Thread 0x00007fb7b91e4000 Implicit null exception at 0x000000010c64a626 to 0x000000010c64ad91
Event: 51.623 Thread 0x00007fb7b91e4000 Implicit null exception at 0x000000010c648997 to 0x000000010c6489e9
Event: 100.969 Thread 0x00007fb7b91e4000 Implicit null exception at 0x000000010c65a68a to 0x000000010c65ada5
Event: 1121.337 Thread 0x00007fb7b8955000 Implicit null exception at 0x000000010c9d9728 to 0x000000010c9d99a1
Event: 3697.484 Thread 0x00007fb7b91e4000 Implicit null exception at 0x000000010c476b8a to 0x000000010c477149

Events (10 events):
Event: 3697.484 Thread 0x00007fb7b91e4000 DEOPT UNPACKING pc=0x000000010bf86f69 sp=0x00007fff5e4a6f18 mode 2
Event: 3697.484 Thread 0x00007fb7b8955000 Uncommon trap: trap_request=0xffffffde fr.pc=0x000000010c3f93b0
Event: 3697.484 Thread 0x00007fb7b8955000 DEOPT PACKING pc=0x000000010c3f93b0 sp=0x000070000c969760
Event: 3697.484 Thread 0x00007fb7b8955000 DEOPT UNPACKING pc=0x000000010bf86f69 sp=0x000070000c969668 mode 2
Event: 3698.567 Thread 0x00007fb7b8955000 Uncommon trap: trap_request=0xffffffde fr.pc=0x000000010c3f93b0
Event: 3698.567 Thread 0x00007fb7b8955000 DEOPT PACKING pc=0x000000010c3f93b0 sp=0x000070000c969760
Event: 3698.567 Thread 0x00007fb7b8955000 DEOPT UNPACKING pc=0x000000010bf86f69 sp=0x000070000c969668 mode 2
Event: 3699.743 Thread 0x00007fb7b8955000 Uncommon trap: trap_request=0xffffffde fr.pc=0x000000010c3f93b0
Event: 3699.743 Thread 0x00007fb7b8955000 DEOPT PACKING pc=0x000000010c3f93b0 sp=0x000070000c969760
Event: 3699.744 Thread 0x00007fb7b8955000 DEOPT UNPACKING pc=0x000000010bf86f69 sp=0x000070000c969668 mode 2


Dynamic libraries:
0x0000000009791000 	/System/Library/Frameworks/Cocoa.framework/Versions/A/Cocoa
0x0000000009791000 	/System/Library/Frameworks/Security.framework/Versions/A/Security
0x0000000009791000 	/System/Library/Frameworks/ApplicationServices.framework/Versions/A/ApplicationServices
0x0000000009791000 	/usr/lib/libz.1.dylib
0x0000000009791000 	/usr/lib/libSystem.B.dylib
0x0000000009791000 	/usr/lib/libobjc.A.dylib
0x0000000009791000 	/System/Library/Frameworks/CoreFoundation.framework/Versions/A/CoreFoundation
0x0000000009791000 	/System/Library/Frameworks/Foundation.framework/Versions/C/Foundation
0x0000000009791000 	/System/Library/Frameworks/AppKit.framework/Versions/C/AppKit
0x0000000009791000 	/System/Library/Frameworks/CoreData.framework/Versions/A/CoreData
0x0000000009791000 	/System/Library/PrivateFrameworks/RemoteViewServices.framework/Versions/A/RemoteViewServices
0x0000000009791000 	/System/Library/PrivateFrameworks/UIFoundation.framework/Versions/A/UIFoundation
0x0000000009791000 	/System/Library/PrivateFrameworks/DFRFoundation.framework/Versions/A/DFRFoundation
0x0000000009791000 	/usr/lib/libenergytrace.dylib
0x0000000009791000 	/System/Library/PrivateFrameworks/SkyLight.framework/Versions/A/SkyLight
0x0000000009791000 	/System/Library/Frameworks/CoreGraphics.framework/Versions/A/CoreGraphics
0x0000000009791000 	/usr/lib/libScreenReader.dylib
0x0000000009791000 	/System/Library/Frameworks/Accelerate.framework/Versions/A/Accelerate
0x0000000009791000 	/System/Library/Frameworks/IOSurface.framework/Versions/A/IOSurface
0x0000000009791000 	/System/Library/Frameworks/AudioToolbox.framework/Versions/A/AudioToolbox
0x0000000009791000 	/System/Library/Frameworks/AudioUnit.framework/Versions/A/AudioUnit
0x0000000009791000 	/System/Library/PrivateFrameworks/DataDetectorsCore.framework/Versions/A/DataDetectorsCore
0x0000000009791000 	/System/Library/PrivateFrameworks/DesktopServicesPriv.framework/Versions/A/DesktopServicesPriv
0x0000000009791000 	/System/Library/Frameworks/Carbon.framework/Versions/A/Frameworks/HIToolbox.framework/Versions/A/HIToolbox
0x0000000009791000 	/usr/lib/libicucore.A.dylib
0x0000000009791000 	/System/Library/Frameworks/QuartzCore.framework/Versions/A/QuartzCore
0x0000000009791000 	/System/Library/Frameworks/Carbon.framework/Versions/A/Frameworks/SpeechRecognition.framework/Versions/A/SpeechRecognition
0x0000000009791000 	/usr/lib/libauto.dylib
0x0000000009791000 	/usr/lib/libxml2.2.dylib
0x0000000009791000 	/System/Library/PrivateFrameworks/CoreUI.framework/Versions/A/CoreUI
0x0000000009791000 	/System/Library/Frameworks/CoreAudio.framework/Versions/A/CoreAudio
0x0000000009791000 	/System/Library/Frameworks/DiskArbitration.framework/Versions/A/DiskArbitration
0x0000000009791000 	/usr/lib/liblangid.dylib
0x0000000009791000 	/System/Library/PrivateFrameworks/MultitouchSupport.framework/Versions/A/MultitouchSupport
0x0000000009791000 	/System/Library/Frameworks/IOKit.framework/Versions/A/IOKit
0x0000000009791000 	/usr/lib/libDiagnosticMessagesClient.dylib
0x0000000009791000 	/System/Library/Frameworks/CoreServices.framework/Versions/A/CoreServices
0x0000000009791000 	/System/Library/PrivateFrameworks/PerformanceAnalysis.framework/Versions/A/PerformanceAnalysis
0x0000000009791000 	/System/Library/PrivateFrameworks/GenerationalStorage.framework/Versions/A/GenerationalStorage
0x0000000009791000 	/System/Library/Frameworks/OpenGL.framework/Versions/A/OpenGL
0x0000000009791000 	/System/Library/Frameworks/CoreImage.framework/Versions/A/CoreImage
0x0000000009791000 	/System/Library/Frameworks/CoreText.framework/Versions/A/CoreText
0x0000000009791000 	/System/Library/Frameworks/ImageIO.framework/Versions/A/ImageIO
0x0000000009791000 	/System/Library/PrivateFrameworks/Backup.framework/Versions/A/Backup
0x0000000009791000 	/usr/lib/libarchive.2.dylib
0x0000000009791000 	/System/Library/Frameworks/CFNetwork.framework/Versions/A/CFNetwork
0x0000000009791000 	/System/Library/Frameworks/SystemConfiguration.framework/Versions/A/SystemConfiguration
0x0000000009791000 	/usr/lib/libCRFSuite.dylib
0x0000000009791000 	/usr/lib/libc++.1.dylib
0x0000000009791000 	/usr/lib/libc++abi.dylib
0x0000000009791000 	/usr/lib/system/libcache.dylib
0x0000000009791000 	/usr/lib/system/libcommonCrypto.dylib
0x0000000009791000 	/usr/lib/system/libcompiler_rt.dylib
0x0000000009791000 	/usr/lib/system/libcopyfile.dylib
0x0000000009791000 	/usr/lib/system/libcorecrypto.dylib
0x0000000009791000 	/usr/lib/system/libdispatch.dylib
0x0000000009791000 	/usr/lib/system/libdyld.dylib
0x0000000009791000 	/usr/lib/system/libkeymgr.dylib
0x0000000009791000 	/usr/lib/system/liblaunch.dylib
0x0000000009791000 	/usr/lib/system/libmacho.dylib
0x0000000009791000 	/usr/lib/system/libquarantine.dylib
0x0000000009791000 	/usr/lib/system/libremovefile.dylib
0x0000000009791000 	/usr/lib/system/libsystem_asl.dylib
0x0000000009791000 	/usr/lib/system/libsystem_blocks.dylib
0x0000000009791000 	/usr/lib/system/libsystem_c.dylib
0x0000000009791000 	/usr/lib/system/libsystem_configuration.dylib
0x0000000009791000 	/usr/lib/system/libsystem_coreservices.dylib
0x0000000009791000 	/usr/lib/system/libsystem_coretls.dylib
0x0000000009791000 	/usr/lib/system/libsystem_dnssd.dylib
0x0000000009791000 	/usr/lib/system/libsystem_info.dylib
0x0000000009791000 	/usr/lib/system/libsystem_kernel.dylib
0x0000000009791000 	/usr/lib/system/libsystem_m.dylib
0x0000000009791000 	/usr/lib/system/libsystem_malloc.dylib
0x0000000009791000 	/usr/lib/system/libsystem_network.dylib
0x0000000009791000 	/usr/lib/system/libsystem_networkextension.dylib
0x0000000009791000 	/usr/lib/system/libsystem_notify.dylib
0x0000000009791000 	/usr/lib/system/libsystem_platform.dylib
0x0000000009791000 	/usr/lib/system/libsystem_pthread.dylib
0x0000000009791000 	/usr/lib/system/libsystem_sandbox.dylib
0x0000000009791000 	/usr/lib/system/libsystem_secinit.dylib
0x0000000009791000 	/usr/lib/system/libsystem_symptoms.dylib
0x0000000009791000 	/usr/lib/system/libsystem_trace.dylib
0x0000000009791000 	/usr/lib/system/libunwind.dylib
0x0000000009791000 	/usr/lib/system/libxpc.dylib
0x0000000009791000 	/usr/lib/libbsm.0.dylib
0x0000000009791000 	/usr/lib/system/libkxld.dylib
0x0000000009791000 	/usr/lib/libcoretls.dylib
0x0000000009791000 	/usr/lib/libcoretls_cfhelpers.dylib
0x0000000009791000 	/usr/lib/libOpenScriptingUtil.dylib
0x0000000009791000 	/usr/lib/libpam.2.dylib
0x0000000009791000 	/usr/lib/libsqlite3.dylib
0x0000000009791000 	/usr/lib/libxar.1.dylib
0x0000000009791000 	/usr/lib/libbz2.1.0.dylib
0x0000000009791000 	/usr/lib/liblzma.5.dylib
0x0000000009791000 	/usr/lib/libnetwork.dylib
0x0000000009791000 	/usr/lib/libpcap.A.dylib
0x0000000009791000 	/System/Library/Frameworks/CoreServices.framework/Versions/A/Frameworks/FSEvents.framework/Versions/A/FSEvents
0x0000000009791000 	/System/Library/Frameworks/CoreServices.framework/Versions/A/Frameworks/CarbonCore.framework/Versions/A/CarbonCore
0x0000000009791000 	/System/Library/Frameworks/CoreServices.framework/Versions/A/Frameworks/Metadata.framework/Versions/A/Metadata
0x0000000009791000 	/System/Library/Frameworks/CoreServices.framework/Versions/A/Frameworks/OSServices.framework/Versions/A/OSServices
0x0000000009791000 	/System/Library/Frameworks/CoreServices.framework/Versions/A/Frameworks/SearchKit.framework/Versions/A/SearchKit
0x0000000009791000 	/System/Library/Frameworks/CoreServices.framework/Versions/A/Frameworks/AE.framework/Versions/A/AE
0x0000000009791000 	/System/Library/Frameworks/CoreServices.framework/Versions/A/Frameworks/LaunchServices.framework/Versions/A/LaunchServices
0x0000000009791000 	/System/Library/Frameworks/CoreServices.framework/Versions/A/Frameworks/DictionaryServices.framework/Versions/A/DictionaryServices
0x0000000009791000 	/System/Library/Frameworks/CoreServices.framework/Versions/A/Frameworks/SharedFileList.framework/Versions/A/SharedFileList
0x0000000009791000 	/System/Library/Frameworks/NetFS.framework/Versions/A/NetFS
0x0000000009791000 	/System/Library/PrivateFrameworks/NetAuth.framework/Versions/A/NetAuth
0x0000000009791000 	/System/Library/PrivateFrameworks/login.framework/Versions/A/Frameworks/loginsupport.framework/Versions/A/loginsupport
0x0000000009791000 	/System/Library/PrivateFrameworks/TCC.framework/Versions/A/TCC
0x0000000009791000 	/usr/lib/libmecabra.dylib
0x0000000009791000 	/System/Library/Frameworks/ApplicationServices.framework/Versions/A/Frameworks/ATS.framework/Versions/A/ATS
0x0000000009791000 	/System/Library/Frameworks/ApplicationServices.framework/Versions/A/Frameworks/ColorSync.framework/Versions/A/ColorSync
0x0000000009791000 	/System/Library/Frameworks/ApplicationServices.framework/Versions/A/Frameworks/HIServices.framework/Versions/A/HIServices
0x0000000009791000 	/System/Library/Frameworks/ApplicationServices.framework/Versions/A/Frameworks/LangAnalysis.framework/Versions/A/LangAnalysis
0x0000000009791000 	/System/Library/Frameworks/ApplicationServices.framework/Versions/A/Frameworks/PrintCore.framework/Versions/A/PrintCore
0x0000000009791000 	/System/Library/Frameworks/ApplicationServices.framework/Versions/A/Frameworks/QD.framework/Versions/A/QD
0x0000000009791000 	/System/Library/Frameworks/ApplicationServices.framework/Versions/A/Frameworks/SpeechSynthesis.framework/Versions/A/SpeechSynthesis
0x0000000009791000 	/System/Library/Frameworks/Accelerate.framework/Versions/A/Frameworks/vImage.framework/Versions/A/vImage
0x0000000009791000 	/System/Library/Frameworks/Accelerate.framework/Versions/A/Frameworks/vecLib.framework/Versions/A/vecLib
0x0000000009791000 	/System/Library/Frameworks/Accelerate.framework/Versions/A/Frameworks/vecLib.framework/Versions/A/libvDSP.dylib
0x0000000009791000 	/System/Library/Frameworks/Accelerate.framework/Versions/A/Frameworks/vecLib.framework/Versions/A/libBNNS.dylib
0x0000000009791000 	/System/Library/Frameworks/Accelerate.framework/Versions/A/Frameworks/vecLib.framework/Versions/A/libQuadrature.dylib
0x0000000009791000 	/System/Library/Frameworks/Accelerate.framework/Versions/A/Frameworks/vecLib.framework/Versions/A/libvMisc.dylib
0x0000000009791000 	/System/Library/Frameworks/Accelerate.framework/Versions/A/Frameworks/vecLib.framework/Versions/A/libLAPACK.dylib
0x0000000009791000 	/System/Library/Frameworks/Accelerate.framework/Versions/A/Frameworks/vecLib.framework/Versions/A/libBLAS.dylib
0x0000000009791000 	/System/Library/Frameworks/Accelerate.framework/Versions/A/Frameworks/vecLib.framework/Versions/A/libLinearAlgebra.dylib
0x0000000009791000 	/System/Library/Frameworks/Accelerate.framework/Versions/A/Frameworks/vecLib.framework/Versions/A/libSparseBLAS.dylib
0x0000000009791000 	/System/Library/Frameworks/ApplicationServices.framework/Versions/A/Frameworks/ATS.framework/Versions/A/Resources/libFontParser.dylib
0x0000000009791000 	/System/Library/Frameworks/ApplicationServices.framework/Versions/A/Frameworks/ATS.framework/Versions/A/Resources/libFontRegistry.dylib
0x0000000009791000 	/System/Library/Frameworks/ImageIO.framework/Versions/A/Resources/libJPEG.dylib
0x0000000009791000 	/System/Library/Frameworks/ImageIO.framework/Versions/A/Resources/libTIFF.dylib
0x0000000009791000 	/System/Library/Frameworks/ImageIO.framework/Versions/A/Resources/libPng.dylib
0x0000000009791000 	/System/Library/Frameworks/ImageIO.framework/Versions/A/Resources/libGIF.dylib
0x0000000009791000 	/System/Library/Frameworks/ImageIO.framework/Versions/A/Resources/libJP2.dylib
0x0000000009791000 	/System/Library/Frameworks/ImageIO.framework/Versions/A/Resources/libRadiance.dylib
0x0000000009791000 	/usr/lib/libcompression.dylib
0x0000000009791000 	/System/Library/PrivateFrameworks/AppleJPEG.framework/Versions/A/AppleJPEG
0x0000000009791000 	/usr/lib/libcups.2.dylib
0x0000000009791000 	/System/Library/Frameworks/Kerberos.framework/Versions/A/Kerberos
0x0000000009791000 	/System/Library/Frameworks/GSS.framework/Versions/A/GSS
0x0000000009791000 	/usr/lib/libresolv.9.dylib
0x0000000009791000 	/usr/lib/libiconv.2.dylib
0x0000000009791000 	/System/Library/PrivateFrameworks/Heimdal.framework/Versions/A/Heimdal
0x0000000009791000 	/usr/lib/libheimdal-asn1.dylib
0x0000000009791000 	/System/Library/Frameworks/OpenDirectory.framework/Versions/A/OpenDirectory
0x0000000009791000 	/System/Library/PrivateFrameworks/CommonAuth.framework/Versions/A/CommonAuth
0x0000000009791000 	/System/Library/Frameworks/OpenDirectory.framework/Versions/A/Frameworks/CFOpenDirectory.framework/Versions/A/CFOpenDirectory
0x0000000009791000 	/System/Library/Frameworks/SecurityFoundation.framework/Versions/A/SecurityFoundation
0x0000000009791000 	/System/Library/PrivateFrameworks/LanguageModeling.framework/Versions/A/LanguageModeling
0x0000000009791000 	/usr/lib/libmarisa.dylib
0x0000000009791000 	/usr/lib/libChineseTokenizer.dylib
0x0000000009791000 	/usr/lib/libcmph.dylib
0x0000000009791000 	/System/Library/PrivateFrameworks/CoreEmoji.framework/Versions/A/CoreEmoji
0x0000000009791000 	/System/Library/Frameworks/ServiceManagement.framework/Versions/A/ServiceManagement
0x0000000009791000 	/usr/lib/libxslt.1.dylib
0x0000000009791000 	/System/Library/Frameworks/Carbon.framework/Versions/A/Frameworks/Ink.framework/Versions/A/Ink
0x0000000009791000 	/System/Library/PrivateFrameworks/TextureIO.framework/Versions/A/TextureIO
0x0000000009791000 	/System/Library/Frameworks/Metal.framework/Versions/A/Metal
0x0000000009791000 	/usr/lib/libate.dylib
0x0000000009791000 	/System/Library/PrivateFrameworks/GPUCompiler.framework/libmetal_timestamp.dylib
0x0000000009791000 	/System/Library/Frameworks/OpenGL.framework/Versions/A/Libraries/libCoreFSCache.dylib
0x0000000009791000 	/System/Library/PrivateFrameworks/IOAccelerator.framework/Versions/A/IOAccelerator
0x0000000009791000 	/System/Library/Frameworks/CoreVideo.framework/Versions/A/CoreVideo
0x0000000009791000 	/usr/lib/libFosl_dynamic.dylib
0x0000000009791000 	/System/Library/PrivateFrameworks/MetalPerformanceShaders.framework/Versions/A/MetalPerformanceShaders
0x0000000009791000 	/System/Library/PrivateFrameworks/FaceCore.framework/Versions/A/FaceCore
0x0000000009791000 	/System/Library/Frameworks/OpenCL.framework/Versions/A/OpenCL
0x0000000009791000 	/System/Library/Frameworks/OpenGL.framework/Versions/A/Libraries/libGLU.dylib
0x0000000009791000 	/System/Library/Frameworks/OpenGL.framework/Versions/A/Libraries/libGFXShared.dylib
0x0000000009791000 	/System/Library/Frameworks/OpenGL.framework/Versions/A/Libraries/libGL.dylib
0x0000000009791000 	/System/Library/Frameworks/OpenGL.framework/Versions/A/Libraries/libGLImage.dylib
0x0000000009791000 	/System/Library/Frameworks/OpenGL.framework/Versions/A/Libraries/libCVMSPluginSupport.dylib
0x0000000009791000 	/System/Library/Frameworks/OpenGL.framework/Versions/A/Libraries/libCoreVMClient.dylib
0x0000000009791000 	/System/Library/PrivateFrameworks/CrashReporterSupport.framework/Versions/A/CrashReporterSupport
0x0000000009791000 	/System/Library/PrivateFrameworks/Sharing.framework/Versions/A/Sharing
0x0000000009791000 	/System/Library/PrivateFrameworks/IconServices.framework/Versions/A/IconServices
0x0000000009791000 	/System/Library/PrivateFrameworks/ProtocolBuffer.framework/Versions/A/ProtocolBuffer
0x0000000009791000 	/System/Library/PrivateFrameworks/Apple80211.framework/Versions/A/Apple80211
0x0000000009791000 	/System/Library/Frameworks/CoreWLAN.framework/Versions/A/CoreWLAN
0x0000000009791000 	/System/Library/PrivateFrameworks/CoreUtils.framework/Versions/A/CoreUtils
0x0000000009791000 	/System/Library/Frameworks/IOBluetooth.framework/Versions/A/IOBluetooth
0x0000000009791000 	/System/Library/PrivateFrameworks/CoreWiFi.framework/Versions/A/CoreWiFi
0x0000000009791000 	/System/Library/Frameworks/CoreBluetooth.framework/Versions/A/CoreBluetooth
0x0000000009791000 	/System/Library/Frameworks/CoreDisplay.framework/Versions/A/CoreDisplay
0x0000000009791000 	/System/Library/PrivateFrameworks/IOPresentment.framework/Versions/A/IOPresentment
0x0000000009791000 	/System/Library/PrivateFrameworks/DSExternalDisplay.framework/Versions/A/DSExternalDisplay
0x0000000009791000 	/System/Library/PrivateFrameworks/DebugSymbols.framework/Versions/A/DebugSymbols
0x0000000009791000 	/System/Library/PrivateFrameworks/CoreSymbolication.framework/Versions/A/CoreSymbolication
0x0000000009791000 	/System/Library/PrivateFrameworks/Symbolication.framework/Versions/A/Symbolication
0x0000000009791000 	/System/Library/PrivateFrameworks/AppleFSCompression.framework/Versions/A/AppleFSCompression
0x0000000009791000 	/System/Library/PrivateFrameworks/SpeechRecognitionCore.framework/Versions/A/SpeechRecognitionCore
0x0000000009791000 	/System/Library/PrivateFrameworks/ChunkingLibrary.framework/Versions/A/ChunkingLibrary
0x0000000101c00000 	/Library/Java/JavaVirtualMachines/jdk1.8.0_131.jdk/Contents/Home/jre/lib/server/libjvm.dylib
0x0000000009791000 	/usr/lib/libstdc++.6.dylib
0x0000000102ba3000 	/Library/Java/JavaVirtualMachines/jdk1.8.0_131.jdk/Contents/Home/jre/lib/libverify.dylib
0x0000000102bb1000 	/Library/Java/JavaVirtualMachines/jdk1.8.0_131.jdk/Contents/Home/jre/lib/libjava.dylib
0x0000000102bee000 	/Library/Java/JavaVirtualMachines/jdk1.8.0_131.jdk/Contents/Home/jre/lib/libzip.dylib
0x0000000106989000 	/System/Library/Frameworks/JavaVM.framework/Frameworks/JavaRuntimeSupport.framework/JavaRuntimeSupport
0x00000001069a3000 	/System/Library/Frameworks/JavaVM.framework/Versions/A/Frameworks/JavaNativeFoundation.framework/Versions/A/JavaNativeFoundation
0x00000001069b8000 	/System/Library/Frameworks/JavaVM.framework/Versions/A/JavaVM
0x0000000009791000 	/System/Library/Frameworks/Carbon.framework/Versions/A/Carbon
0x00000001069c5000 	/System/Library/PrivateFrameworks/JavaLaunching.framework/Versions/A/JavaLaunching
0x0000000009791000 	/System/Library/Frameworks/Carbon.framework/Versions/A/Frameworks/CommonPanels.framework/Versions/A/CommonPanels
0x0000000009791000 	/System/Library/Frameworks/Carbon.framework/Versions/A/Frameworks/Help.framework/Versions/A/Help
0x0000000009791000 	/System/Library/Frameworks/Carbon.framework/Versions/A/Frameworks/ImageCapture.framework/Versions/A/ImageCapture
0x0000000009791000 	/System/Library/Frameworks/Carbon.framework/Versions/A/Frameworks/OpenScripting.framework/Versions/A/OpenScripting
0x0000000009791000 	/System/Library/Frameworks/Carbon.framework/Versions/A/Frameworks/Print.framework/Versions/A/Print
0x0000000009791000 	/System/Library/Frameworks/Carbon.framework/Versions/A/Frameworks/SecurityHI.framework/Versions/A/SecurityHI
0x00000001083b7000 	/Library/Java/JavaVirtualMachines/jdk1.8.0_131.jdk/Contents/Home/jre/lib/libprism_es2.dylib
0x000000010841d000 	/System/Library/Frameworks/OpenGL.framework/Resources/GLEngine.bundle/GLEngine
0x0000000009791000 	/System/Library/Frameworks/OpenGL.framework/Versions/A/Libraries/libGLProgrammability.dylib
0x0000000108602000 	/System/Library/Extensions/ATIRadeonX2000GLDriver.bundle/Contents/MacOS/ATIRadeonX2000GLDriver
0x0000000009791000 	/System/Library/PrivateFrameworks/GPUSupport.framework/Versions/A/Libraries/libGPUSupport.dylib
0x00000001088dd000 	/System/Library/Frameworks/OpenGL.framework/Resources//GLRendererFloat.bundle/GLRendererFloat
0x0000000009791000 	/System/Library/Frameworks/OpenCL.framework/Versions/A/Libraries/libcldcpuengine.dylib
0x0000000009791000 	/usr/lib/libcrypto.0.9.8.dylib
0x0000000009791000 	/System/Library/PrivateFrameworks/TrustEvaluationAgent.framework/Versions/A/TrustEvaluationAgent
0x000000010893c000 	/Library/Java/JavaVirtualMachines/jdk1.8.0_131.jdk/Contents/Home/jre/lib/libglass.dylib
0x0000000009791000 	/System/Library/PrivateFrameworks/CoreServicesInternal.framework/Versions/A/CoreServicesInternal
0x0000000009791000 	/System/Library/CoreServices/RawCamera.bundle/Contents/MacOS/RawCamera
0x0000000108abf000 	/System/Library/Frameworks/Accelerate.framework/Frameworks/vImage.framework/Versions/A/Libraries/libCGInterfaces.dylib
0x0000000009791000 	/System/Library/PrivateFrameworks/FamilyControls.framework/Versions/A/FamilyControls
0x0000000009791000 	/System/Library/PrivateFrameworks/CommerceKit.framework/Versions/A/Frameworks/CommerceCore.framework/Versions/A/CommerceCore
0x0000000009791000 	/System/Library/PrivateFrameworks/SystemAdministration.framework/Versions/A/SystemAdministration
0x0000000009791000 	/System/Library/PrivateFrameworks/AppContainer.framework/Versions/A/AppContainer
0x0000000009791000 	/System/Library/PrivateFrameworks/SecCodeWrapper.framework/Versions/A/SecCodeWrapper
0x0000000009791000 	/System/Library/Frameworks/DirectoryService.framework/Versions/A/DirectoryService
0x0000000009791000 	/System/Library/PrivateFrameworks/DiskImages.framework/Versions/A/DiskImages
0x0000000009791000 	/System/Library/PrivateFrameworks/LoginUIKit.framework/Versions/A/Frameworks/LoginUICore.framework/Versions/A/LoginUICore
0x0000000009791000 	/usr/lib/libCoreStorage.dylib
0x0000000009791000 	/usr/lib/libcsfde.dylib
0x0000000009791000 	/usr/lib/libodfde.dylib
0x0000000009791000 	/System/Library/Frameworks/DiscRecording.framework/Versions/A/DiscRecording
0x0000000009791000 	/usr/lib/libcurl.4.dylib
0x0000000009791000 	/System/Library/PrivateFrameworks/MediaKit.framework/Versions/A/MediaKit
0x0000000009791000 	/System/Library/PrivateFrameworks/ProtectedCloudStorage.framework/Versions/A/ProtectedCloudStorage
0x0000000009791000 	/System/Library/PrivateFrameworks/EFILogin.framework/Versions/A/EFILogin
0x0000000009791000 	/usr/lib/libutil.dylib
0x0000000009791000 	/System/Library/Frameworks/LDAP.framework/Versions/A/LDAP
0x0000000009791000 	/usr/lib/libsasl2.2.dylib
0x0000000009791000 	/System/Library/PrivateFrameworks/CoreDaemon.framework/Versions/B/CoreDaemon
0x0000000009791000 	/System/Library/PrivateFrameworks/AppleSRP.framework/Versions/A/AppleSRP
0x0000000009791000 	/System/Library/PrivateFrameworks/APFS.framework/Versions/A/APFS
0x0000000108bbc000 	/Library/Java/JavaVirtualMachines/jdk1.8.0_131.jdk/Contents/Home/jre/lib/libjavafx_font.dylib
0x0000000009791000 	/System/Library/Frameworks/ApplicationServices.framework/Versions/A/Frameworks/ATS.framework/Versions/A/Resources/libTrueTypeScaler.dylib
0x000000011d7f1000 	/Library/Java/JavaVirtualMachines/jdk1.8.0_131.jdk/Contents/Home/jre/lib/libprism_common.dylib
0x0000000009791000 	/System/Library/PrivateFrameworks/ViewBridge.framework/Versions/A/ViewBridge
0x0000000009791000 	/System/Library/PrivateFrameworks/XPCService.framework/Versions/A/XPCService
0x0000000009791000 	/System/Library/PrivateFrameworks/AppSandbox.framework/Versions/A/AppSandbox
0x0000000009791000 	/usr/lib/libsandbox.1.dylib
0x0000000009791000 	/usr/lib/libMatch.1.dylib
0x0000000009791000 	/System/Library/PrivateFrameworks/FinderKit.framework/Versions/A/FinderKit
0x0000000009791000 	/System/Library/Frameworks/Quartz.framework/Versions/A/Frameworks/QuickLookUI.framework/Versions/A/QuickLookUI
0x0000000009791000 	/System/Library/Frameworks/Quartz.framework/Versions/A/Frameworks/ImageKit.framework/Versions/A/ImageKit
0x0000000009791000 	/System/Library/PrivateFrameworks/Bom.framework/Versions/A/Bom
0x0000000009791000 	/System/Library/Frameworks/QuickLook.framework/Versions/A/QuickLook
0x0000000009791000 	/System/Library/PrivateFrameworks/Suggestions.framework/Versions/A/Suggestions
0x0000000009791000 	/System/Library/PrivateFrameworks/AppleSystemInfo.framework/Versions/A/AppleSystemInfo
0x0000000009791000 	/System/Library/Frameworks/ImageCaptureCore.framework/Versions/A/ImageCaptureCore
0x0000000009791000 	/System/Library/Frameworks/SafariServices.framework/Versions/A/SafariServices
0x0000000009791000 	/System/Library/Frameworks/QTKit.framework/Versions/A/QTKit
0x0000000009791000 	/System/Library/PrivateFrameworks/MobileKeyBag.framework/Versions/A/MobileKeyBag
0x0000000009791000 	/System/Library/Frameworks/AVFoundation.framework/Versions/A/AVFoundation
0x0000000009791000 	/System/Library/Frameworks/CoreMedia.framework/Versions/A/CoreMedia
0x0000000009791000 	/System/Library/Frameworks/MediaToolbox.framework/Versions/A/MediaToolbox
0x0000000009791000 	/System/Library/Frameworks/VideoToolbox.framework/Versions/A/VideoToolbox
0x0000000009791000 	/System/Library/PrivateFrameworks/CoreMediaAuthoring.framework/Versions/A/CoreMediaAuthoring
0x0000000009791000 	/System/Library/Frameworks/CoreMediaIO.framework/Versions/A/CoreMediaIO
0x0000000009791000 	/System/Library/Frameworks/AVFoundation.framework/Versions/A/Frameworks/AVFAudio.framework/Versions/A/AVFAudio
0x0000000009791000 	/System/Library/PrivateFrameworks/IntlPreferences.framework/Versions/A/IntlPreferences
0x0000000009791000 	/usr/lib/libspindump.dylib
0x0000000009791000 	/usr/lib/libdscsym.dylib
0x0000000009791000 	/System/Library/PrivateFrameworks/CoreAVCHD.framework/Versions/A/CoreAVCHD
0x0000000009791000 	/System/Library/Frameworks/MediaAccessibility.framework/Versions/A/MediaAccessibility
0x0000000009791000 	/System/Library/PrivateFrameworks/Mangrove.framework/Versions/A/Mangrove
0x0000000009791000 	/System/Library/PrivateFrameworks/CoreAUC.framework/Versions/A/CoreAUC
0x0000000009791000 	/System/Library/PrivateFrameworks/AppleVA.framework/Versions/A/AppleVA
0x0000000009791000 	/System/Library/PrivateFrameworks/QuickLookThumbnailing.framework/Versions/A/QuickLookThumbnailing
0x0000000009791000 	/System/Library/PrivateFrameworks/DisplayServices.framework/Versions/A/DisplayServices
0x0000000009791000 	/System/Library/Frameworks/Quartz.framework/Versions/A/Frameworks/PDFKit.framework/Versions/A/PDFKit
0x0000000009791000 	/System/Library/Frameworks/Quartz.framework/Versions/A/Frameworks/QuartzComposer.framework/Versions/A/QuartzComposer
0x0000000009791000 	/System/Library/Frameworks/Quartz.framework/Versions/A/Frameworks/QuartzFilters.framework/Versions/A/QuartzFilters
0x0000000009791000 	/System/Library/PrivateFrameworks/CorePDF.framework/Versions/A/CorePDF
0x0000000009791000 	/System/Library/Frameworks/JavaScriptCore.framework/Versions/A/JavaScriptCore
0x0000000009791000 	/System/Library/Frameworks/AddressBook.framework/Versions/A/AddressBook
0x0000000009791000 	/System/Library/PrivateFrameworks/ContactsPersistence.framework/Versions/A/ContactsPersistence
0x0000000009791000 	/System/Library/PrivateFrameworks/CalendarAgentLink.framework/Versions/A/CalendarAgentLink
0x0000000009791000 	/System/Library/PrivateFrameworks/ContactsFoundation.framework/Versions/A/ContactsFoundation
0x0000000009791000 	/System/Library/PrivateFrameworks/vCard.framework/Versions/A/vCard
0x0000000009791000 	/System/Library/PrivateFrameworks/ToneLibrary.framework/Versions/A/ToneLibrary
0x0000000009791000 	/System/Library/PrivateFrameworks/ToneKit.framework/Versions/A/ToneKit
0x0000000009791000 	/System/Library/PrivateFrameworks/ApplePushService.framework/Versions/A/ApplePushService
0x0000000009791000 	/System/Library/Frameworks/SecurityInterface.framework/Versions/A/SecurityInterface
0x0000000009791000 	/System/Library/PrivateFrameworks/PhoneNumbers.framework/Versions/A/PhoneNumbers
0x0000000009791000 	/System/Library/Frameworks/Quartz.framework/Versions/A/Quartz
0x0000000009791000 	/System/Library/Frameworks/Accounts.framework/Versions/A/Accounts
0x0000000009791000 	/System/Library/PrivateFrameworks/OAuth.framework/Versions/A/OAuth
0x0000000009791000 	/System/Library/PrivateFrameworks/CacheDelete.framework/Versions/A/CacheDelete
0x0000000009791000 	/System/Library/PrivateFrameworks/CloudDocs.framework/Versions/A/CloudDocs
0x0000000009791000 	/System/Library/Frameworks/CloudKit.framework/Versions/A/CloudKit
0x0000000009791000 	/System/Library/PrivateFrameworks/MMCS.framework/Versions/A/MMCS
0x0000000009791000 	/System/Library/Frameworks/CoreLocation.framework/Versions/A/CoreLocation
0x0000000009791000 	/System/Library/PrivateFrameworks/AssetCacheServices.framework/Versions/A/AssetCacheServices
0x0000000009791000 	/System/Library/PrivateFrameworks/GeoServices.framework/Versions/A/GeoServices
0x0000000009791000 	/System/Library/PrivateFrameworks/PlugInKit.framework/Versions/A/PlugInKit
0x000000011f7b8000 	/System/Library/Frameworks/Security.framework/PlugIns/csparser.bundle/Contents/MacOS/csparser
0x0000000009791000 	/System/Library/PrivateFrameworks/iLifeMediaBrowser.framework/Versions/A/iLifeMediaBrowser
0x0000000009791000 	/System/Library/Frameworks/AVKit.framework/Versions/A/AVKit
0x0000000009791000 	/System/Library/PrivateFrameworks/MediaRemote.framework/Versions/A/MediaRemote
0x0000000009791000 	/System/Library/PrivateFrameworks/MediaServices.framework/Versions/A/MediaServices
0x000000011f56a000 	/System/Library/Frameworks/Quartz.framework/Versions/A/Frameworks/QuickLookUI.framework/Versions/A/PlugIns/Generic.qldisplay/Contents/MacOS/Generic
0x000000011f04b000 	/System/Library/Frameworks/Quartz.framework/Versions/A/Frameworks/QuickLookUI.framework/Versions/A/PlugIns/Text.qldisplay/Contents/MacOS/Text

VM Arguments:
java_command: /Users/Tiem625/NetBeansProjects/TankPartsShop/target/TankPartsShop-1.0-SNAPSHOT.jar
java_class_path (initial): /Users/Tiem625/NetBeansProjects/TankPartsShop/target/TankPartsShop-1.0-SNAPSHOT.jar
Launcher Type: SUN_STANDARD

Environment Variables:
JAVA_HOME=/Library/Java/JavaVirtualMachines/jdk1.8.0_131.jdk/Contents/Home
PATH=/usr/bin:/bin:/usr/sbin:/sbin
SHELL=/bin/bash
DISPLAY=/private/tmp/com.apple.launchd.QyWOg6Z4YH/org.macosforge.xquartz:0

Signal Handlers:
SIGSEGV: [libjvm.dylib+0x5b1eb1], sa_mask[0]=11111111011111110111111111111111, sa_flags=SA_ONSTACK|SA_RESTART|SA_SIGINFO
SIGBUS: [libjvm.dylib+0x5b1eb1], sa_mask[0]=11111111011111110111111111111111, sa_flags=SA_RESTART|SA_SIGINFO
SIGFPE: [libjvm.dylib+0x488988], sa_mask[0]=11111111011111110111111111111111, sa_flags=SA_RESTART|SA_SIGINFO
SIGPIPE: [libjvm.dylib+0x488988], sa_mask[0]=11111111011111110111111111111111, sa_flags=SA_RESTART|SA_SIGINFO
SIGXFSZ: [libjvm.dylib+0x488988], sa_mask[0]=11111111011111110111111111111111, sa_flags=SA_RESTART|SA_SIGINFO
SIGILL: [libjvm.dylib+0x488988], sa_mask[0]=11111111011111110111111111111111, sa_flags=SA_RESTART|SA_SIGINFO
SIGUSR1: SIG_DFL, sa_mask[0]=00000000000000000000000000000000, sa_flags=none
SIGUSR2: [libjvm.dylib+0x4884a6], sa_mask[0]=00100000000000000000000000000000, sa_flags=SA_RESTART|SA_SIGINFO
SIGHUP: [libjvm.dylib+0x486a7d], sa_mask[0]=11111111011111110111111111111111, sa_flags=SA_RESTART|SA_SIGINFO
SIGINT: SIG_IGN, sa_mask[0]=00000000000000000000000000000000, sa_flags=none
SIGTERM: [libjvm.dylib+0x486a7d], sa_mask[0]=11111111011111110111111111111111, sa_flags=SA_RESTART|SA_SIGINFO
SIGQUIT: [libjvm.dylib+0x486a7d], sa_mask[0]=11111111011111110111111111111111, sa_flags=SA_RESTART|SA_SIGINFO


---------------  S Y S T E M  ---------------

OS:Bsduname:Darwin 16.6.0 Darwin Kernel Version 16.6.0: Fri Apr 14 16:21:16 PDT 2017; root:xnu-3789.60.24~6/RELEASE_X86_64 x86_64
rlimit: STACK 8192k, CORE 0k, NPROC 709, NOFILE 10240, AS infinity
load average:2.09 1.98 1.99

CPU:total 2 (initial active 2) (2 cores per cpu, 1 threads per core) family 6 model 23 stepping 10, cmov, cx8, fxsr, mmx, sse, sse2, sse3, ssse3, sse4.1, tsc

Memory: 4k page, physical 4194304k(20624k free)

/proc/meminfo:


vm_info: Java HotSpot(TM) 64-Bit Server VM (25.131-b11) for bsd-amd64 JRE (1.8.0_131-b11), built on Mar 15 2017 01:32:22 by "java_re" with gcc 4.2.1 (Based on Apple Inc. build 5658) (LLVM build 2336.11.00)

time: Fri Jun 30 20:58:37 2017
elapsed time: 3703 seconds (0d 1h 1m 43s)

